[2025-03-30 10:13:24] AI Code Bot started on project: python SET helper methods
[2025-03-30 10:13:24] Generating tasks based on current analysis...
[2025-03-30 10:13:26] Generated 2 meaningful scripts.
[2025-03-30 10:13:26] Stored task: C:\Users\young\source\repos\JazzPiece\auto-code-bot\ai_work\python_SET_helper_methods\tasks\add_element.py
[2025-03-30 10:13:26] Execution success C:\Users\young\source\repos\JazzPiece\auto-code-bot\ai_work\python_SET_helper_methods\tasks\add_element.py:

[2025-03-30 10:13:26] Moved executed script to src: C:\Users\young\source\repos\JazzPiece\auto-code-bot\ai_work\python_SET_helper_methods\src\add_element.py
[2025-03-30 10:13:26] Stored task: C:\Users\young\source\repos\JazzPiece\auto-code-bot\ai_work\python_SET_helper_methods\tasks\remove_element.py
[2025-03-30 10:13:26] Execution success C:\Users\young\source\repos\JazzPiece\auto-code-bot\ai_work\python_SET_helper_methods\tasks\remove_element.py:

[2025-03-30 10:13:26] Moved executed script to src: C:\Users\young\source\repos\JazzPiece\auto-code-bot\ai_work\python_SET_helper_methods\src\remove_element.py
[2025-03-30 10:13:26] AI Code Bot run complete.
[2025-03-30 18:20:04] AI Code Bot started on project: python SET helper methods
[2025-03-30 18:20:04] Generating tasks based on current analysis...
[2025-03-30 18:20:08] Generated 2 meaningful scripts.
[2025-03-30 18:20:08] Stored task: C:\Users\young\source\repos\JazzPiece\auto-code-bot\ai_work\python_SET_helper_methods\tasks\union_set.py
[2025-03-30 18:20:08] Execution success C:\Users\young\source\repos\JazzPiece\auto-code-bot\ai_work\python_SET_helper_methods\tasks\union_set.py:
{1, 2, 3, 4, 5}

[2025-03-30 18:20:08] Moved executed script to src: C:\Users\young\source\repos\JazzPiece\auto-code-bot\ai_work\python_SET_helper_methods\src\union_set.py
[2025-03-30 18:20:08] Stored task: C:\Users\young\source\repos\JazzPiece\auto-code-bot\ai_work\python_SET_helper_methods\tasks\intersection_set.py
[2025-03-30 18:20:08] Execution success C:\Users\young\source\repos\JazzPiece\auto-code-bot\ai_work\python_SET_helper_methods\tasks\intersection_set.py:
{3}

[2025-03-30 18:20:08] Moved executed script to src: C:\Users\young\source\repos\JazzPiece\auto-code-bot\ai_work\python_SET_helper_methods\src\intersection_set.py
[2025-03-30 18:20:08] AI Code Bot run complete.
