[2025-04-11 00:27:45] AI Code Bot started on project: java LINKEDLIST helper methods
[2025-04-11 00:27:45] Generating tasks based on current analysis...
[2025-04-11 00:27:51] Generated 2 meaningful scripts.
[2025-04-11 00:27:51] Stored task: C:\Users\young\Source\Repos\JazzPiece\auto-code-bot\ai_work\java_LINKEDLIST_helper_methods\tasks\linkedlist_operations.py
[2025-04-11 00:27:51] Execution success C:\Users\young\Source\Repos\JazzPiece\auto-code-bot\ai_work\java_LINKEDLIST_helper_methods\tasks\linkedlist_operations.py:

[2025-04-11 00:27:51] Moved executed script to src: C:\Users\young\Source\Repos\JazzPiece\auto-code-bot\ai_work\java_LINKEDLIST_helper_methods\src\linkedlist_operations.py
[2025-04-11 00:27:51] Stored task: C:\Users\young\Source\Repos\JazzPiece\auto-code-bot\ai_work\java_LINKEDLIST_helper_methods\tasks\linkedlist_helper_methods.py
[2025-04-11 00:27:51] Execution failed for C:\Users\young\Source\Repos\JazzPiece\auto-code-bot\ai_work\java_LINKEDLIST_helper_methods\tasks\linkedlist_helper_methods.py: Traceback (most recent call last):
  File "C:\Users\young\Source\Repos\JazzPiece\auto-code-bot\ai_work\java_LINKEDLIST_helper_methods\tasks\linkedlist_helper_methods.py", line 1, in <module>
    from linkedlist_operations import LinkedList
ModuleNotFoundError: No module named 'linkedlist_operations'

[2025-04-11 00:27:51] AI Code Bot run complete.
[2025-04-11 00:29:18] AI Code Bot started on project: java LINKEDLIST helper methods
[2025-04-11 00:29:18] Generating tasks based on current analysis...
[2025-04-11 00:29:21] Generated 2 meaningful scripts.
[2025-04-11 00:29:21] Stored task: C:\Users\young\Source\Repos\JazzPiece\auto-code-bot\ai_work\java_LINKEDLIST_helper_methods\tasks\insert_at_index.py
[2025-04-11 00:29:21] Execution success C:\Users\young\Source\Repos\JazzPiece\auto-code-bot\ai_work\java_LINKEDLIST_helper_methods\tasks\insert_at_index.py:

[2025-04-11 00:29:21] Moved executed script to src: C:\Users\young\Source\Repos\JazzPiece\auto-code-bot\ai_work\java_LINKEDLIST_helper_methods\src\insert_at_index.py
[2025-04-11 00:29:21] Stored task: C:\Users\young\Source\Repos\JazzPiece\auto-code-bot\ai_work\java_LINKEDLIST_helper_methods\tasks\reverse_linkedlist.py
[2025-04-11 00:29:21] Execution success C:\Users\young\Source\Repos\JazzPiece\auto-code-bot\ai_work\java_LINKEDLIST_helper_methods\tasks\reverse_linkedlist.py:

[2025-04-11 00:29:21] Moved executed script to src: C:\Users\young\Source\Repos\JazzPiece\auto-code-bot\ai_work\java_LINKEDLIST_helper_methods\src\reverse_linkedlist.py
[2025-04-11 00:29:21] AI Code Bot run complete.
[2025-04-11 11:48:49] AI Code Bot started on project: java LINKEDLIST helper methods
[2025-04-11 11:48:49] Generating tasks based on current analysis...
[2025-04-11 11:48:51] Generated 2 meaningful scripts.
[2025-04-11 11:48:51] Stored task: C:\Users\young\Source\Repos\JazzPiece\auto-code-bot\ai_work\java_LINKEDLIST_helper_methods\tasks\merge_linkedlists.py
[2025-04-11 11:48:51] Execution success C:\Users\young\Source\Repos\JazzPiece\auto-code-bot\ai_work\java_LINKEDLIST_helper_methods\tasks\merge_linkedlists.py:

[2025-04-11 11:48:51] Moved executed script to src: C:\Users\young\Source\Repos\JazzPiece\auto-code-bot\ai_work\java_LINKEDLIST_helper_methods\src\merge_linkedlists.py
[2025-04-11 11:48:51] Stored task: C:\Users\young\Source\Repos\JazzPiece\auto-code-bot\ai_work\java_LINKEDLIST_helper_methods\tasks\get_middle_element.py
[2025-04-11 11:48:51] Execution success C:\Users\young\Source\Repos\JazzPiece\auto-code-bot\ai_work\java_LINKEDLIST_helper_methods\tasks\get_middle_element.py:

[2025-04-11 11:48:51] Moved executed script to src: C:\Users\young\Source\Repos\JazzPiece\auto-code-bot\ai_work\java_LINKEDLIST_helper_methods\src\get_middle_element.py
[2025-04-11 11:48:51] AI Code Bot run complete.
[2025-04-11 18:20:02] AI Code Bot started on project: java LINKEDLIST helper methods
[2025-04-11 18:20:02] Generating tasks based on current analysis...
[2025-04-11 18:20:05] Generated 2 meaningful scripts.
[2025-04-11 18:20:05] Stored task: C:\Users\young\source\repos\JazzPiece\auto-code-bot\ai_work\java_LINKEDLIST_helper_methods\tasks\remove_duplicates.py
[2025-04-11 18:20:05] Execution success C:\Users\young\source\repos\JazzPiece\auto-code-bot\ai_work\java_LINKEDLIST_helper_methods\tasks\remove_duplicates.py:

[2025-04-11 18:20:05] Moved executed script to src: C:\Users\young\source\repos\JazzPiece\auto-code-bot\ai_work\java_LINKEDLIST_helper_methods\src\remove_duplicates.py
[2025-04-11 18:20:05] Stored task: C:\Users\young\source\repos\JazzPiece\auto-code-bot\ai_work\java_LINKEDLIST_helper_methods\tasks\get_nth_from_end.py
[2025-04-11 18:20:05] Execution success C:\Users\young\source\repos\JazzPiece\auto-code-bot\ai_work\java_LINKEDLIST_helper_methods\tasks\get_nth_from_end.py:

[2025-04-11 18:20:05] Moved executed script to src: C:\Users\young\source\repos\JazzPiece\auto-code-bot\ai_work\java_LINKEDLIST_helper_methods\src\get_nth_from_end.py
[2025-04-11 18:20:05] AI Code Bot run complete.
[2025-04-11 23:03:00] AI Code Bot started on project: java LINKEDLIST helper methods
[2025-04-11 23:03:00] Generating tasks based on current analysis...
[2025-04-11 23:03:05] Generated 2 meaningful scripts.
[2025-04-11 23:03:05] Stored task: C:\Users\young\Source\Repos\JazzPiece\auto-code-bot\ai_work\java_LINKEDLIST_helper_methods\tasks\find_middle_and_nth_from_end.py
[2025-04-11 23:03:05] Execution success C:\Users\young\Source\Repos\JazzPiece\auto-code-bot\ai_work\java_LINKEDLIST_helper_methods\tasks\find_middle_and_nth_from_end.py:

[2025-04-11 23:03:05] Moved executed script to src: C:\Users\young\Source\Repos\JazzPiece\auto-code-bot\ai_work\java_LINKEDLIST_helper_methods\src\find_middle_and_nth_from_end.py
[2025-04-11 23:03:05] Stored task: C:\Users\young\Source\Repos\JazzPiece\auto-code-bot\ai_work\java_LINKEDLIST_helper_methods\tasks\remove_duplicates_and_reverse.py
[2025-04-11 23:03:05] Execution success C:\Users\young\Source\Repos\JazzPiece\auto-code-bot\ai_work\java_LINKEDLIST_helper_methods\tasks\remove_duplicates_and_reverse.py:

[2025-04-11 23:03:05] Moved executed script to src: C:\Users\young\Source\Repos\JazzPiece\auto-code-bot\ai_work\java_LINKEDLIST_helper_methods\src\remove_duplicates_and_reverse.py
[2025-04-11 23:03:05] AI Code Bot run complete.
