[2025-03-23 01:50:40] AI Code Bot started on project: BFS
[2025-03-23 01:50:40] Generating tasks based on current analysis...
[2025-03-23 01:50:45] Generated 2 meaningful scripts.
[2025-03-23 01:50:45] Stored task: C:\Users\young\source\repos\JazzPiece\auto-code-bot\ai_work\BFS\tasks\bfs_connected_components.py
[2025-03-23 01:50:45] Execution success C:\Users\young\source\repos\JazzPiece\auto-code-bot\ai_work\BFS\tasks\bfs_connected_components.py:
[['A', 'B', 'C', 'E', 'D', 'F'], ['G', 'H']]

[2025-03-23 01:50:45] Moved executed script to src: C:\Users\young\source\repos\JazzPiece\auto-code-bot\ai_work\BFS\src\bfs_connected_components.py
[2025-03-23 01:50:45] Stored task: C:\Users\young\source\repos\JazzPiece\auto-code-bot\ai_work\BFS\tasks\bfs_cycle_detection.py
[2025-03-23 01:50:45] Syntax error in C:\Users\young\source\repos\JazzPiece\auto-code-bot\ai_work\BFS\tasks\bfs_cycle_detection.py: closing parenthesis ']' does not match opening parenthesis '(' (bfs_cycle_detection.py, line 6)
[2025-03-23 01:50:45] AI Code Bot run complete.
[2025-03-23 14:14:15] AI Code Bot started on project: BFS
[2025-03-23 14:14:15] Generating tasks based on current analysis...
[2025-03-23 14:14:24] Generated 2 meaningful scripts.
[2025-03-23 14:14:24] Stored task: C:\Users\young\source\repos\JazzPiece\auto-code-bot\ai_work\BFS\tasks\bfs_shortest_path_all.py
[2025-03-23 14:14:25] Execution success C:\Users\young\source\repos\JazzPiece\auto-code-bot\ai_work\BFS\tasks\bfs_shortest_path_all.py:
[]

[2025-03-23 14:14:25] Moved executed script to src: C:\Users\young\source\repos\JazzPiece\auto-code-bot\ai_work\BFS\src\bfs_shortest_path_all.py
[2025-03-23 14:14:25] Stored task: C:\Users\young\source\repos\JazzPiece\auto-code-bot\ai_work\BFS\tasks\bfs_shortest_path_length.py
[2025-03-23 14:14:25] Execution success C:\Users\young\source\repos\JazzPiece\auto-code-bot\ai_work\BFS\tasks\bfs_shortest_path_length.py:
2

[2025-03-23 14:14:25] Moved executed script to src: C:\Users\young\source\repos\JazzPiece\auto-code-bot\ai_work\BFS\src\bfs_shortest_path_length.py
[2025-03-23 14:14:25] AI Code Bot run complete.
