[2025-04-01 15:00:03] AI Code Bot started on project: python SET helper methods
[2025-04-01 15:00:03] Generating tasks based on current analysis...
[2025-04-01 15:00:06] Generated 2 meaningful scripts.
[2025-04-01 15:00:06] Stored task: C:\Users\young\source\repos\JazzPiece\auto-code-bot\ai_work\python_SET_helper_methods\tasks\clear_set.py
[2025-04-01 15:00:06] Execution success C:\Users\young\source\repos\JazzPiece\auto-code-bot\ai_work\python_SET_helper_methods\tasks\clear_set.py:
set()

[2025-04-01 15:00:06] Moved executed script to src: C:\Users\young\source\repos\JazzPiece\auto-code-bot\ai_work\python_SET_helper_methods\src\clear_set.py
[2025-04-01 15:00:06] Stored task: C:\Users\young\source\repos\JazzPiece\auto-code-bot\ai_work\python_SET_helper_methods\tasks\is_subset.py
[2025-04-01 15:00:06] Execution success C:\Users\young\source\repos\JazzPiece\auto-code-bot\ai_work\python_SET_helper_methods\tasks\is_subset.py:
True

[2025-04-01 15:00:06] Moved executed script to src: C:\Users\young\source\repos\JazzPiece\auto-code-bot\ai_work\python_SET_helper_methods\src\is_subset.py
[2025-04-01 15:00:06] AI Code Bot run complete.
[2025-04-01 18:20:04] AI Code Bot started on project: python SET helper methods
[2025-04-01 18:20:04] Generating tasks based on current analysis...
[2025-04-01 18:20:08] Generated 1 meaningful scripts.
[2025-04-01 18:20:08] Stored task: C:\Users\young\source\repos\JazzPiece\auto-code-bot\ai_work\python_SET_helper_methods\tasks\set_operations.py
[2025-04-01 18:20:08] Syntax error in C:\Users\young\source\repos\JazzPiece\auto-code-bot\ai_work\python_SET_helper_methods\tasks\set_operations.py: invalid syntax (set_operations.py, line 29)
[2025-04-01 18:20:08] AI Code Bot run complete.
[2025-04-01 23:23:09] AI Code Bot started on project: python SET helper methods
[2025-04-01 23:23:09] Generating tasks based on current analysis...
[2025-04-01 23:23:13] Generated 2 meaningful scripts.
[2025-04-01 23:23:13] Stored task: C:\Users\young\source\repos\JazzPiece\auto-code-bot\ai_work\python_SET_helper_methods\tasks\power_set.py
[2025-04-01 23:23:13] Syntax error in C:\Users\young\source\repos\JazzPiece\auto-code-bot\ai_work\python_SET_helper_methods\tasks\power_set.py: '(' was never closed (power_set.py, line 3)
[2025-04-01 23:23:13] Stored task: C:\Users\young\source\repos\JazzPiece\auto-code-bot\ai_work\python_SET_helper_methods\tasks\set_operations.py
[2025-04-01 23:23:13] Execution success C:\Users\young\source\repos\JazzPiece\auto-code-bot\ai_work\python_SET_helper_methods\tasks\set_operations.py:
{1, 2, 3, 4}
{3, 5}
set()
set()
set()
True
{3, 5}
{3, 5}

[2025-04-01 23:23:13] Moved executed script to src: C:\Users\young\source\repos\JazzPiece\auto-code-bot\ai_work\python_SET_helper_methods\src\set_operations.py
[2025-04-01 23:23:13] AI Code Bot run complete.
