[2025-04-21 18:20:03] AI Code Bot started on project: java map helper methods
[2025-04-21 18:20:03] Generating tasks based on current analysis...
[2025-04-21 18:20:07] Generated 2 meaningful scripts.
[2025-04-21 18:20:07] Stored task: C:\Users\young\source\repos\JazzPiece\auto-code-bot\ai_work\java_map_helper_methods\tasks\remove_key_value_pair.py
[2025-04-21 18:20:07] Execution success C:\Users\young\source\repos\JazzPiece\auto-code-bot\ai_work\java_map_helper_methods\tasks\remove_key_value_pair.py:
{'a': 1, 'c': 3}

[2025-04-21 18:20:07] Moved executed script to src: C:\Users\young\source\repos\JazzPiece\auto-code-bot\ai_work\java_map_helper_methods\src\remove_key_value_pair.py
[2025-04-21 18:20:07] Stored task: C:\Users\young\source\repos\JazzPiece\auto-code-bot\ai_work\java_map_helper_methods\tasks\get_common_keys.py
[2025-04-21 18:20:07] Execution success C:\Users\young\source\repos\JazzPiece\auto-code-bot\ai_work\java_map_helper_methods\tasks\get_common_keys.py:
{'b', 'c'}

[2025-04-21 18:20:07] Moved executed script to src: C:\Users\young\source\repos\JazzPiece\auto-code-bot\ai_work\java_map_helper_methods\src\get_common_keys.py
[2025-04-21 18:20:07] AI Code Bot run complete.
[2025-04-21 18:41:52] AI Code Bot started on project: java map helper methods
[2025-04-21 18:41:52] Generating tasks based on current analysis...
[2025-04-21 18:41:58] Generated 2 meaningful scripts.
[2025-04-21 18:41:58] Stored task: C:\Users\young\Source\Repos\JazzPiece\auto-code-bot\ai_work\java_map_helper_methods\tasks\map_helper.py
[2025-04-21 18:41:58] Execution success C:\Users\young\Source\Repos\JazzPiece\auto-code-bot\ai_work\java_map_helper_methods\tasks\map_helper.py:

[2025-04-21 18:43:23] AI Code Bot started on project: java hashmap helper methods
[2025-04-21 18:43:23] Generating tasks based on current analysis...
[2025-04-21 18:43:29] Generated 2 meaningful scripts.
[2025-04-21 18:43:29] Stored task: C:\Users\young\Source\Repos\JazzPiece\auto-code-bot\ai_work\java_hashmap_helper_methods\tasks\hashmap_operations.py
[2025-04-21 18:43:29] Execution success C:\Users\young\Source\Repos\JazzPiece\auto-code-bot\ai_work\java_hashmap_helper_methods\tasks\hashmap_operations.py:

[2025-04-21 18:43:29] Moved executed script to src: C:\Users\young\Source\Repos\JazzPiece\auto-code-bot\ai_work\java_hashmap_helper_methods\src\hashmap_operations.py
[2025-04-21 18:43:29] Stored task: C:\Users\young\Source\Repos\JazzPiece\auto-code-bot\ai_work\java_hashmap_helper_methods\tasks\hashmap_size.py
[2025-04-21 18:43:29] Execution failed for C:\Users\young\Source\Repos\JazzPiece\auto-code-bot\ai_work\java_hashmap_helper_methods\tasks\hashmap_size.py: Traceback (most recent call last):
  File "C:\Users\young\Source\Repos\JazzPiece\auto-code-bot\ai_work\java_hashmap_helper_methods\tasks\hashmap_size.py", line 1, in <module>
    from hashmap_operations import HashMapHelper
ModuleNotFoundError: No module named 'hashmap_operations'

[2025-04-21 18:43:29] AI Code Bot run complete.
