[2025-03-26 18:20:04] AI Code Bot started on project: python map helper methods
[2025-03-26 18:20:04] Generating tasks based on current analysis...
[2025-03-26 18:20:06] Generated 2 meaningful scripts.
[2025-03-26 18:20:06] Stored task: C:\Users\young\source\repos\JazzPiece\auto-code-bot\ai_work\python_map_helper_methods\tasks\remove_duplicates.py
[2025-03-26 18:20:06] Execution success C:\Users\young\source\repos\JazzPiece\auto-code-bot\ai_work\python_map_helper_methods\tasks\remove_duplicates.py:

[2025-03-26 18:20:06] Moved executed script to src: C:\Users\young\source\repos\JazzPiece\auto-code-bot\ai_work\python_map_helper_methods\src\remove_duplicates.py
[2025-03-26 18:20:06] Stored task: C:\Users\young\source\repos\JazzPiece\auto-code-bot\ai_work\python_map_helper_methods\tasks\filter_positive_numbers.py
[2025-03-26 18:20:06] Execution success C:\Users\young\source\repos\JazzPiece\auto-code-bot\ai_work\python_map_helper_methods\tasks\filter_positive_numbers.py:

[2025-03-26 18:20:06] Moved executed script to src: C:\Users\young\source\repos\JazzPiece\auto-code-bot\ai_work\python_map_helper_methods\src\filter_positive_numbers.py
[2025-03-26 18:20:06] AI Code Bot run complete.
[2025-03-26 19:36:45] AI Code Bot started on project: python map helper methods
[2025-03-26 19:36:45] Generating tasks based on current analysis...
[2025-03-26 19:36:47] Generated 2 meaningful scripts.
[2025-03-26 19:36:47] Stored task: C:\Users\young\source\repos\JazzPiece\auto-code-bot\ai_work\python_map_helper_methods\tasks\enhanced_map_helpers.py
[2025-03-26 19:36:47] Execution success C:\Users\young\source\repos\JazzPiece\auto-code-bot\ai_work\python_map_helper_methods\tasks\enhanced_map_helpers.py:

[2025-03-26 19:36:47] Moved executed script to src: C:\Users\young\source\repos\JazzPiece\auto-code-bot\ai_work\python_map_helper_methods\src\enhanced_map_helpers.py
[2025-03-26 19:36:47] Stored task: C:\Users\young\source\repos\JazzPiece\auto-code-bot\ai_work\python_map_helper_methods\tasks\example_usage.py
[2025-03-26 19:36:48] Execution failed for C:\Users\young\source\repos\JazzPiece\auto-code-bot\ai_work\python_map_helper_methods\tasks\example_usage.py: Traceback (most recent call last):
  File "C:\Users\young\source\repos\JazzPiece\auto-code-bot\ai_work\python_map_helper_methods\tasks\example_usage.py", line 1, in <module>
    from enhanced_map_helpers import *
ModuleNotFoundError: No module named 'enhanced_map_helpers'

[2025-03-26 19:36:48] AI Code Bot run complete.
[2025-03-26 19:36:55] AI Code Bot started on project: python map helper methods
[2025-03-26 19:36:55] Generating tasks based on current analysis...
[2025-03-26 19:36:56] Generated 2 meaningful scripts.
[2025-03-26 19:36:56] Stored task: C:\Users\young\source\repos\JazzPiece\auto-code-bot\ai_work\python_map_helper_methods\tasks\filter_negative_numbers.py
[2025-03-26 19:36:56] Execution success C:\Users\young\source\repos\JazzPiece\auto-code-bot\ai_work\python_map_helper_methods\tasks\filter_negative_numbers.py:

[2025-03-26 19:36:56] Moved executed script to src: C:\Users\young\source\repos\JazzPiece\auto-code-bot\ai_work\python_map_helper_methods\src\filter_negative_numbers.py
[2025-03-26 19:36:56] Stored task: C:\Users\young\source\repos\JazzPiece\auto-code-bot\ai_work\python_map_helper_methods\tasks\triple_numbers.py
[2025-03-26 19:36:56] Execution success C:\Users\young\source\repos\JazzPiece\auto-code-bot\ai_work\python_map_helper_methods\tasks\triple_numbers.py:

[2025-03-26 19:36:56] Moved executed script to src: C:\Users\young\source\repos\JazzPiece\auto-code-bot\ai_work\python_map_helper_methods\src\triple_numbers.py
[2025-03-26 19:36:56] AI Code Bot run complete.
