[2025-03-18 17:54:15] AI Code Bot started on project: Chemistry in code collection
[2025-03-18 17:54:15] Generating tasks based on current analysis...
[2025-03-18 17:54:19] Generated 2 meaningful scripts.
[2025-03-18 17:54:19] Stored task: C:\Users\young\source\repos\JazzPiece\auto-code-bot\ai_work\Chemistry_in_code_collection\tasks\improved_get_compound_formula.py
[2025-03-18 17:54:19] Execution success C:\Users\young\source\repos\JazzPiece\auto-code-bot\ai_work\Chemistry_in_code_collection\tasks\improved_get_compound_formula.py:
H2 O

[2025-03-18 17:54:33] AI Code Bot started on project: Chemistry in code collection
[2025-03-18 17:54:33] Generating tasks based on current analysis...
[2025-03-18 17:54:36] Generated 2 meaningful scripts.
[2025-03-18 17:54:36] Stored task: C:\Users\young\source\repos\JazzPiece\auto-code-bot\ai_work\Chemistry_in_code_collection\tasks\improved_compound_formula.py
[2025-03-18 17:54:36] Execution success C:\Users\young\source\repos\JazzPiece\auto-code-bot\ai_work\Chemistry_in_code_collection\tasks\improved_compound_formula.py:
H2 O

[2025-03-18 17:56:17] AI Code Bot started on project: the functions of Physics
[2025-03-18 17:56:17] Generating tasks based on current analysis...
[2025-03-18 17:56:21] Generated 1 meaningful scripts.
[2025-03-18 17:56:21] Stored task: C:\Users\young\source\repos\JazzPiece\auto-code-bot\ai_work\the_functions_of_Physics\tasks\basic_functions.py
[2025-03-18 17:56:21] Execution failed for C:\Users\young\source\repos\JazzPiece\auto-code-bot\ai_work\the_functions_of_Physics\tasks\basic_functions.py: Traceback (most recent call last):
  File "C:\Users\young\source\repos\JazzPiece\auto-code-bot\ai_work\the_functions_of_Physics\tasks\basic_functions.py", line 49, in <module>
    def magnetic_field(current, length, constant=4*math.pi*1e-7):
NameError: name 'math' is not defined

[2025-03-18 17:56:21] AI Code Bot run complete.
[2025-03-18 17:56:30] AI Code Bot started on project: the functions of Physics
[2025-03-18 17:56:30] Generating tasks based on current analysis...
[2025-03-18 17:56:33] Generated 1 meaningful scripts.
[2025-03-18 17:56:33] Stored task: C:\Users\young\source\repos\JazzPiece\auto-code-bot\ai_work\the_functions_of_Physics\tasks\functions_of_physics.py
[2025-03-18 17:56:33] Execution success C:\Users\young\source\repos\JazzPiece\auto-code-bot\ai_work\the_functions_of_Physics\tasks\functions_of_physics.py:

[2025-03-18 17:56:33] Moved executed script to src: C:\Users\young\source\repos\JazzPiece\auto-code-bot\ai_work\the_functions_of_Physics\src\functions_of_physics.py
[2025-03-18 17:56:33] AI Code Bot run complete.
[2025-03-18 17:56:42] AI Code Bot started on project: the functions of Physics
[2025-03-18 17:56:42] Generating tasks based on current analysis...
[2025-03-18 17:56:44] Generated 1 meaningful scripts.
[2025-03-18 17:56:44] Stored task: C:\Users\young\source\repos\JazzPiece\auto-code-bot\ai_work\the_functions_of_Physics\tasks\physics_functions.py
[2025-03-18 17:56:44] Execution success C:\Users\young\source\repos\JazzPiece\auto-code-bot\ai_work\the_functions_of_Physics\tasks\physics_functions.py:

[2025-03-18 17:56:44] Moved executed script to src: C:\Users\young\source\repos\JazzPiece\auto-code-bot\ai_work\the_functions_of_Physics\src\physics_functions.py
[2025-03-18 17:56:44] AI Code Bot run complete.
[2025-03-18 18:20:03] AI Code Bot started on project: the functions of Physics
[2025-03-18 18:20:03] Generating tasks based on current analysis...
[2025-03-18 18:20:09] Generated 1 meaningful scripts.
[2025-03-18 18:20:09] Stored task: C:\Users\young\source\repos\JazzPiece\auto-code-bot\ai_work\the_functions_of_Physics\tasks\physics_functions.py
[2025-03-18 18:20:09] Execution success C:\Users\young\source\repos\JazzPiece\auto-code-bot\ai_work\the_functions_of_Physics\tasks\physics_functions.py:

[2025-03-18 22:28:47] AI Code Bot started on project: the functions of Physics
[2025-03-18 22:28:47] Generating tasks based on current analysis...
[2025-03-18 22:28:51] Generated 1 meaningful scripts.
[2025-03-18 22:28:51] Stored task: C:\Users\young\source\repos\JazzPiece\auto-code-bot\ai_work\the_functions_of_Physics\tasks\physics_functions.py
[2025-03-18 22:28:51] Execution success C:\Users\young\source\repos\JazzPiece\auto-code-bot\ai_work\the_functions_of_Physics\tasks\physics_functions.py:

[2025-03-18 22:29:28] AI Code Bot started on project: the functions of Physics
[2025-03-18 22:29:28] Generating tasks based on current analysis...
[2025-03-18 22:29:33] Generated 1 meaningful scripts.
[2025-03-18 22:29:33] Stored task: C:\Users\young\source\repos\JazzPiece\auto-code-bot\ai_work\the_functions_of_Physics\tasks\physics_functions.py
[2025-03-18 22:29:33] Execution success C:\Users\young\source\repos\JazzPiece\auto-code-bot\ai_work\the_functions_of_Physics\tasks\physics_functions.py:

