[2025-04-12 16:52:43] AI Code Bot started on project: java LINKEDLIST helper methods
[2025-04-12 16:52:44] Generating tasks based on current analysis...
[2025-04-12 16:52:46] Generated 2 meaningful scripts.
[2025-04-12 16:52:46] Stored task: C:\Users\young\Source\Repos\JazzPiece\auto-code-bot\ai_work\java_LINKEDLIST_helper_methods\tasks\remove_duplicates.py
[2025-04-12 16:52:46] Execution success C:\Users\young\Source\Repos\JazzPiece\auto-code-bot\ai_work\java_LINKEDLIST_helper_methods\tasks\remove_duplicates.py:

[2025-04-12 16:53:20] AI Code Bot started on project: java map helper methods
[2025-04-12 16:53:20] Generating tasks based on current analysis...
[2025-04-12 16:53:23] Generated 2 meaningful scripts.
[2025-04-12 16:53:23] Stored task: C:\Users\young\Source\Repos\JazzPiece\auto-code-bot\ai_work\java_map_helper_methods\tasks\map_helper.py
[2025-04-12 16:53:23] Execution success C:\Users\young\Source\Repos\JazzPiece\auto-code-bot\ai_work\java_map_helper_methods\tasks\map_helper.py:

[2025-04-12 16:53:23] Moved executed script to src: C:\Users\young\Source\Repos\JazzPiece\auto-code-bot\ai_work\java_map_helper_methods\src\map_helper.py
[2025-04-12 16:53:23] Stored task: C:\Users\young\Source\Repos\JazzPiece\auto-code-bot\ai_work\java_map_helper_methods\tasks\example_usage.py
[2025-04-12 16:53:23] Execution failed for C:\Users\young\Source\Repos\JazzPiece\auto-code-bot\ai_work\java_map_helper_methods\tasks\example_usage.py: Traceback (most recent call last):
  File "C:\Users\young\Source\Repos\JazzPiece\auto-code-bot\ai_work\java_map_helper_methods\tasks\example_usage.py", line 1, in <module>
    from map_helper import MapHelper
ModuleNotFoundError: No module named 'map_helper'

[2025-04-12 16:53:23] AI Code Bot run complete.
[2025-04-12 16:53:49] AI Code Bot started on project: java map helper methods
[2025-04-12 16:53:49] Generating tasks based on current analysis...
[2025-04-12 16:53:50] Generated 2 meaningful scripts.
[2025-04-12 16:53:50] Stored task: C:\Users\young\Source\Repos\JazzPiece\auto-code-bot\ai_work\java_map_helper_methods\tasks\update_map_value.py
[2025-04-12 16:53:51] Execution success C:\Users\young\Source\Repos\JazzPiece\auto-code-bot\ai_work\java_map_helper_methods\tasks\update_map_value.py:
{'a': 1, 'b': 3}

[2025-04-12 16:53:51] Moved executed script to src: C:\Users\young\Source\Repos\JazzPiece\auto-code-bot\ai_work\java_map_helper_methods\src\update_map_value.py
[2025-04-12 16:53:51] Stored task: C:\Users\young\Source\Repos\JazzPiece\auto-code-bot\ai_work\java_map_helper_methods\tasks\filter_map_keys.py
[2025-04-12 16:53:51] Execution success C:\Users\young\Source\Repos\JazzPiece\auto-code-bot\ai_work\java_map_helper_methods\tasks\filter_map_keys.py:
{'a': 1, 'c': 3}

[2025-04-12 16:53:51] Moved executed script to src: C:\Users\young\Source\Repos\JazzPiece\auto-code-bot\ai_work\java_map_helper_methods\src\filter_map_keys.py
[2025-04-12 16:53:51] AI Code Bot run complete.
[2025-04-12 18:20:02] AI Code Bot started on project: java map helper methods
[2025-04-12 18:20:02] Generating tasks based on current analysis...
[2025-04-12 18:20:05] Generated 2 meaningful scripts.
[2025-04-12 18:20:05] Stored task: C:\Users\young\source\repos\JazzPiece\auto-code-bot\ai_work\java_map_helper_methods\tasks\add_key_value_pair.py
[2025-04-12 18:20:05] Execution success C:\Users\young\source\repos\JazzPiece\auto-code-bot\ai_work\java_map_helper_methods\tasks\add_key_value_pair.py:
{'a': 1, 'b': 2, 'c': 3}

[2025-04-12 18:20:05] Moved executed script to src: C:\Users\young\source\repos\JazzPiece\auto-code-bot\ai_work\java_map_helper_methods\src\add_key_value_pair.py
[2025-04-12 18:20:05] Stored task: C:\Users\young\source\repos\JazzPiece\auto-code-bot\ai_work\java_map_helper_methods\tasks\filter_values.py
[2025-04-12 18:20:05] Execution success C:\Users\young\source\repos\JazzPiece\auto-code-bot\ai_work\java_map_helper_methods\tasks\filter_values.py:
{'a': 1, 'c': 3}

[2025-04-12 18:20:05] Moved executed script to src: C:\Users\young\source\repos\JazzPiece\auto-code-bot\ai_work\java_map_helper_methods\src\filter_values.py
[2025-04-12 18:20:05] AI Code Bot run complete.
