[2025-04-05 18:20:04] AI Code Bot started on project: python SET helper methods
[2025-04-05 18:20:04] Generating tasks based on current analysis...
[2025-04-05 18:20:06] Generated 2 meaningful scripts.
[2025-04-05 18:20:06] Stored task: C:\Users\young\source\repos\JazzPiece\auto-code-bot\ai_work\python_SET_helper_methods\tasks\add_element.py
[2025-04-05 18:20:06] Execution success C:\Users\young\source\repos\JazzPiece\auto-code-bot\ai_work\python_SET_helper_methods\tasks\add_element.py:
{1, 2, 3, 4}

[2025-04-05 23:21:31] AI Code Bot started on project: python SET helper methods
[2025-04-05 23:21:31] Generating tasks based on current analysis...
[2025-04-05 23:21:33] Generated 2 meaningful scripts.
[2025-04-05 23:21:33] Stored task: C:\Users\young\source\repos\JazzPiece\auto-code-bot\ai_work\python_SET_helper_methods\tasks\add_element.py
[2025-04-05 23:21:33] Execution success C:\Users\young\source\repos\JazzPiece\auto-code-bot\ai_work\python_SET_helper_methods\tasks\add_element.py:
{1, 2, 3, 4}

[2025-04-05 23:21:39] AI Code Bot started on project: python SET helper methods
[2025-04-05 23:21:39] Generating tasks based on current analysis...
[2025-04-05 23:21:41] Generated 2 meaningful scripts.
[2025-04-05 23:21:41] Stored task: C:\Users\young\source\repos\JazzPiece\auto-code-bot\ai_work\python_SET_helper_methods\tasks\add_elements.py
[2025-04-05 23:21:41] Execution success C:\Users\young\source\repos\JazzPiece\auto-code-bot\ai_work\python_SET_helper_methods\tasks\add_elements.py:
{1, 2, 3, 4, 5, 6}

[2025-04-05 23:21:41] Moved executed script to src: C:\Users\young\source\repos\JazzPiece\auto-code-bot\ai_work\python_SET_helper_methods\src\add_elements.py
[2025-04-05 23:21:41] Stored task: C:\Users\young\source\repos\JazzPiece\auto-code-bot\ai_work\python_SET_helper_methods\tasks\remove_all_elements.py
[2025-04-05 23:21:41] Execution success C:\Users\young\source\repos\JazzPiece\auto-code-bot\ai_work\python_SET_helper_methods\tasks\remove_all_elements.py:
set()

[2025-04-05 23:22:14] AI Code Bot started on project: python LINKEDLIST helper methods
[2025-04-05 23:22:14] Generating tasks based on current analysis...
[2025-04-05 23:22:18] Generated 2 meaningful scripts.
[2025-04-05 23:22:18] Stored task: C:\Users\young\source\repos\JazzPiece\auto-code-bot\ai_work\python_LINKEDLIST_helper_methods\tasks\linkedlist.py
[2025-04-05 23:22:18] Execution success C:\Users\young\source\repos\JazzPiece\auto-code-bot\ai_work\python_LINKEDLIST_helper_methods\tasks\linkedlist.py:

[2025-04-05 23:22:18] Moved executed script to src: C:\Users\young\source\repos\JazzPiece\auto-code-bot\ai_work\python_LINKEDLIST_helper_methods\src\linkedlist.py
[2025-04-05 23:22:18] Stored task: C:\Users\young\source\repos\JazzPiece\auto-code-bot\ai_work\python_LINKEDLIST_helper_methods\tasks\linkedlist_helpers.py
[2025-04-05 23:22:18] Execution failed for C:\Users\young\source\repos\JazzPiece\auto-code-bot\ai_work\python_LINKEDLIST_helper_methods\tasks\linkedlist_helpers.py: Traceback (most recent call last):
  File "C:\Users\young\source\repos\JazzPiece\auto-code-bot\ai_work\python_LINKEDLIST_helper_methods\tasks\linkedlist_helpers.py", line 1, in <module>
    from linkedlist import LinkedList
ModuleNotFoundError: No module named 'linkedlist'

[2025-04-05 23:22:18] AI Code Bot run complete.
