[2025-03-24 17:04:21] AI Code Bot started on project: python array helper methods
[2025-03-24 17:04:21] Generating tasks based on current analysis...
[2025-03-24 17:04:23] Generated 2 meaningful scripts.
[2025-03-24 17:04:23] Stored task: C:\Users\young\source\repos\JazzPiece\auto-code-bot\ai_work\python_array_helper_methods\tasks\even_odd_array.py
[2025-03-24 17:04:24] Execution success C:\Users\young\source\repos\JazzPiece\auto-code-bot\ai_work\python_array_helper_methods\tasks\even_odd_array.py:

[2025-03-24 17:04:24] Moved executed script to src: C:\Users\young\source\repos\JazzPiece\auto-code-bot\ai_work\python_array_helper_methods\src\even_odd_array.py
[2025-03-24 17:04:24] Stored task: C:\Users\young\source\repos\JazzPiece\auto-code-bot\ai_work\python_array_helper_methods\tasks\array_statistics.py
[2025-03-24 17:04:24] Execution success C:\Users\young\source\repos\JazzPiece\auto-code-bot\ai_work\python_array_helper_methods\tasks\array_statistics.py:

[2025-03-24 17:04:24] Moved executed script to src: C:\Users\young\source\repos\JazzPiece\auto-code-bot\ai_work\python_array_helper_methods\src\array_statistics.py
[2025-03-24 17:04:24] AI Code Bot run complete.
[2025-03-24 18:20:03] AI Code Bot started on project: python array helper methods
[2025-03-24 18:20:03] Generating tasks based on current analysis...
[2025-03-24 18:20:05] Generated 2 meaningful scripts.
[2025-03-24 18:20:05] Stored task: C:\Users\young\source\repos\JazzPiece\auto-code-bot\ai_work\python_array_helper_methods\tasks\count_occurrences.py
[2025-03-24 18:20:05] Execution success C:\Users\young\source\repos\JazzPiece\auto-code-bot\ai_work\python_array_helper_methods\tasks\count_occurrences.py:

[2025-03-24 18:20:05] Moved executed script to src: C:\Users\young\source\repos\JazzPiece\auto-code-bot\ai_work\python_array_helper_methods\src\count_occurrences.py
[2025-03-24 18:20:05] Stored task: C:\Users\young\source\repos\JazzPiece\auto-code-bot\ai_work\python_array_helper_methods\tasks\shuffle_array.py
[2025-03-24 18:20:05] Execution success C:\Users\young\source\repos\JazzPiece\auto-code-bot\ai_work\python_array_helper_methods\tasks\shuffle_array.py:

[2025-03-24 18:20:05] Moved executed script to src: C:\Users\young\source\repos\JazzPiece\auto-code-bot\ai_work\python_array_helper_methods\src\shuffle_array.py
[2025-03-24 18:20:05] AI Code Bot run complete.
[2025-03-24 18:38:49] AI Code Bot started on project: python array helper methods
[2025-03-24 18:38:49] Generating tasks based on current analysis...
[2025-03-24 18:38:51] Generated 2 meaningful scripts.
[2025-03-24 18:38:51] Stored task: C:\Users\young\source\repos\JazzPiece\auto-code-bot\ai_work\python_array_helper_methods\tasks\swap_elements.py
[2025-03-24 18:38:51] Execution success C:\Users\young\source\repos\JazzPiece\auto-code-bot\ai_work\python_array_helper_methods\tasks\swap_elements.py:

[2025-03-24 18:38:51] Moved executed script to src: C:\Users\young\source\repos\JazzPiece\auto-code-bot\ai_work\python_array_helper_methods\src\swap_elements.py
[2025-03-24 18:38:51] Stored task: C:\Users\young\source\repos\JazzPiece\auto-code-bot\ai_work\python_array_helper_methods\tasks\find_max_min_index.py
[2025-03-24 18:38:51] Execution success C:\Users\young\source\repos\JazzPiece\auto-code-bot\ai_work\python_array_helper_methods\tasks\find_max_min_index.py:

[2025-03-24 18:38:51] Moved executed script to src: C:\Users\young\source\repos\JazzPiece\auto-code-bot\ai_work\python_array_helper_methods\src\find_max_min_index.py
[2025-03-24 18:38:51] AI Code Bot run complete.
