[2025-03-20 17:52:09] AI Code Bot started on project: Quantumn Physics
[2025-03-20 17:52:09] Generating tasks based on current analysis...
[2025-03-20 17:52:11] Generated 1 meaningful scripts.
[2025-03-20 17:52:11] Stored task: C:\Users\young\source\repos\JazzPiece\auto-code-bot\ai_work\Quantumn_Physics\tasks\quantum_simulation.py
[2025-03-20 17:52:12] Execution failed for C:\Users\young\source\repos\JazzPiece\auto-code-bot\ai_work\Quantumn_Physics\tasks\quantum_simulation.py: Traceback (most recent call last):
  File "C:\Users\young\source\repos\JazzPiece\auto-code-bot\ai_work\Quantumn_Physics\tasks\quantum_simulation.py", line 4, in <module>
    import matplotlib.pyplot as plt
ModuleNotFoundError: No module named 'matplotlib'

[2025-03-20 17:52:12] AI Code Bot run complete.
[2025-03-20 17:52:22] AI Code Bot started on project: Quantumn Physics
[2025-03-20 17:52:22] Generating tasks based on current analysis...
[2025-03-20 17:52:25] Generated 1 meaningful scripts.
[2025-03-20 17:52:25] Stored task: C:\Users\young\source\repos\JazzPiece\auto-code-bot\ai_work\Quantumn_Physics\tasks\quantum_simulator.py
[2025-03-20 17:52:25] Syntax error in C:\Users\young\source\repos\JazzPiece\auto-code-bot\ai_work\Quantumn_Physics\tasks\quantum_simulator.py: invalid syntax (quantum_simulator.py, line 35)
[2025-03-20 17:52:25] AI Code Bot run complete.
[2025-03-20 17:53:08] AI Code Bot started on project: Graph Theory
[2025-03-20 17:53:08] Generating tasks based on current analysis...
[2025-03-20 17:53:09] Generated 2 meaningful scripts.
[2025-03-20 17:53:09] Stored task: C:\Users\young\source\repos\JazzPiece\auto-code-bot\ai_work\Graph_Theory\tasks\create_graph.py
[2025-03-20 17:53:10] Execution success C:\Users\young\source\repos\JazzPiece\auto-code-bot\ai_work\Graph_Theory\tasks\create_graph.py:
Graph created successfully!

[2025-03-20 17:53:10] Moved executed script to src: C:\Users\young\source\repos\JazzPiece\auto-code-bot\ai_work\Graph_Theory\src\create_graph.py
[2025-03-20 17:53:10] Stored task: C:\Users\young\source\repos\JazzPiece\auto-code-bot\ai_work\Graph_Theory\tasks\visualize_graph.py
[2025-03-20 17:53:10] Execution failed for C:\Users\young\source\repos\JazzPiece\auto-code-bot\ai_work\Graph_Theory\tasks\visualize_graph.py: Traceback (most recent call last):
  File "C:\Users\young\source\repos\JazzPiece\auto-code-bot\ai_work\Graph_Theory\tasks\visualize_graph.py", line 2, in <module>
    import matplotlib.pyplot as plt
ModuleNotFoundError: No module named 'matplotlib'

[2025-03-20 17:53:11] AI Code Bot run complete.
[2025-03-20 18:20:03] AI Code Bot started on project: Graph Theory
[2025-03-20 18:20:03] Generating tasks based on current analysis...
[2025-03-20 18:20:05] Generated 2 meaningful scripts.
[2025-03-20 18:20:05] Stored task: C:\Users\young\source\repos\JazzPiece\auto-code-bot\ai_work\Graph_Theory\tasks\add_node.py
[2025-03-20 18:20:05] Execution failed for C:\Users\young\source\repos\JazzPiece\auto-code-bot\ai_work\Graph_Theory\tasks\add_node.py: Traceback (most recent call last):
  File "C:\Users\young\source\repos\JazzPiece\auto-code-bot\ai_work\Graph_Theory\tasks\add_node.py", line 1, in <module>
    import networkx as nx
ModuleNotFoundError: No module named 'networkx'

[2025-03-20 18:20:05] Stored task: C:\Users\young\source\repos\JazzPiece\auto-code-bot\ai_work\Graph_Theory\tasks\add_edge.py
[2025-03-20 18:20:05] Execution failed for C:\Users\young\source\repos\JazzPiece\auto-code-bot\ai_work\Graph_Theory\tasks\add_edge.py: Traceback (most recent call last):
  File "C:\Users\young\source\repos\JazzPiece\auto-code-bot\ai_work\Graph_Theory\tasks\add_edge.py", line 1, in <module>
    import networkx as nx
ModuleNotFoundError: No module named 'networkx'

[2025-03-20 18:20:05] AI Code Bot run complete.
