[2025-04-22 18:20:04] AI Code Bot started on project: java hashmap helper methods
[2025-04-22 18:20:04] Generating tasks based on current analysis...
[2025-04-22 18:20:13] Generated 2 meaningful scripts.
[2025-04-22 18:20:13] Stored task: C:\Users\young\source\repos\JazzPiece\auto-code-bot\ai_work\java_hashmap_helper_methods\tasks\update_all_values.py
[2025-04-22 18:20:13] Execution success C:\Users\young\source\repos\JazzPiece\auto-code-bot\ai_work\java_hashmap_helper_methods\tasks\update_all_values.py:

[2025-04-22 18:20:13] Moved executed script to src: C:\Users\young\source\repos\JazzPiece\auto-code-bot\ai_work\java_hashmap_helper_methods\src\update_all_values.py
[2025-04-22 18:20:13] Stored task: C:\Users\young\source\repos\JazzPiece\auto-code-bot\ai_work\java_hashmap_helper_methods\tasks\clear_all_entries.py
[2025-04-22 18:20:13] Execution success C:\Users\young\source\repos\JazzPiece\auto-code-bot\ai_work\java_hashmap_helper_methods\tasks\clear_all_entries.py:

[2025-04-22 18:20:13] Moved executed script to src: C:\Users\young\source\repos\JazzPiece\auto-code-bot\ai_work\java_hashmap_helper_methods\src\clear_all_entries.py
[2025-04-22 18:20:13] AI Code Bot run complete.
[2025-04-22 22:13:40] AI Code Bot started on project: java hashmap helper methods
[2025-04-22 22:13:40] Generating tasks based on current analysis...
[2025-04-22 22:13:43] Generated 2 meaningful scripts.
[2025-04-22 22:13:43] Stored task: C:\Users\young\Source\Repos\JazzPiece\auto-code-bot\ai_work\java_hashmap_helper_methods\tasks\add_key_value_pairs.py
[2025-04-22 22:13:43] Execution success C:\Users\young\Source\Repos\JazzPiece\auto-code-bot\ai_work\java_hashmap_helper_methods\tasks\add_key_value_pairs.py:

[2025-04-22 22:13:43] Moved executed script to src: C:\Users\young\Source\Repos\JazzPiece\auto-code-bot\ai_work\java_hashmap_helper_methods\src\add_key_value_pairs.py
[2025-04-22 22:13:43] Stored task: C:\Users\young\Source\Repos\JazzPiece\auto-code-bot\ai_work\java_hashmap_helper_methods\tasks\get_all_keys.py
[2025-04-22 22:13:43] Execution success C:\Users\young\Source\Repos\JazzPiece\auto-code-bot\ai_work\java_hashmap_helper_methods\tasks\get_all_keys.py:

[2025-04-22 22:13:43] Moved executed script to src: C:\Users\young\Source\Repos\JazzPiece\auto-code-bot\ai_work\java_hashmap_helper_methods\src\get_all_keys.py
[2025-04-22 22:13:43] AI Code Bot run complete.
[2025-04-22 22:14:14] AI Code Bot started on project: c hashmap helper methods
[2025-04-22 22:14:14] Generating tasks based on current analysis...
[2025-04-22 22:14:21] Generated 2 meaningful scripts.
[2025-04-22 22:14:21] Stored task: C:\Users\young\Source\Repos\JazzPiece\auto-code-bot\ai_work\c_hashmap_helper_methods\tasks\hashmap_operations.py
[2025-04-22 22:14:21] Execution success C:\Users\young\Source\Repos\JazzPiece\auto-code-bot\ai_work\c_hashmap_helper_methods\tasks\hashmap_operations.py:

[2025-04-22 22:14:21] Moved executed script to src: C:\Users\young\Source\Repos\JazzPiece\auto-code-bot\ai_work\c_hashmap_helper_methods\src\hashmap_operations.py
[2025-04-22 22:14:21] Stored task: C:\Users\young\Source\Repos\JazzPiece\auto-code-bot\ai_work\c_hashmap_helper_methods\tasks\hashmap_operations_test.py
[2025-04-22 22:14:21] Execution failed for C:\Users\young\Source\Repos\JazzPiece\auto-code-bot\ai_work\c_hashmap_helper_methods\tasks\hashmap_operations_test.py: Traceback (most recent call last):
  File "C:\Users\young\Source\Repos\JazzPiece\auto-code-bot\ai_work\c_hashmap_helper_methods\tasks\hashmap_operations_test.py", line 1, in <module>
    from hashmap_operations import *
ModuleNotFoundError: No module named 'hashmap_operations'

[2025-04-22 22:14:21] AI Code Bot run complete.
