[2025-03-17 18:12:45] AI Code Bot started on project: Chemistry in code collection
[2025-03-17 18:12:45] Generating tasks based on current analysis...
[2025-03-17 18:12:48] Generated 2 meaningful scripts.
[2025-03-17 18:12:48] Stored task: C:\Users\young\source\repos\JazzPiece\auto-code-bot\ai_work\Chemistry_in_code_collection\tasks\improved_get_compound_formula.py
[2025-03-17 18:12:48] Execution success C:\Users\young\source\repos\JazzPiece\auto-code-bot\ai_work\Chemistry_in_code_collection\tasks\improved_get_compound_formula.py:
H2 O

[2025-03-17 18:12:48] Moved executed script to src: C:\Users\young\source\repos\JazzPiece\auto-code-bot\ai_work\Chemistry_in_code_collection\src\improved_get_compound_formula.py
[2025-03-17 18:12:48] Stored task: C:\Users\young\source\repos\JazzPiece\auto-code-bot\ai_work\Chemistry_in_code_collection\tasks\create_periodic_table_dataframe.py
[2025-03-17 18:12:51] Execution success C:\Users\young\source\repos\JazzPiece\auto-code-bot\ai_work\Chemistry_in_code_collection\tasks\create_periodic_table_dataframe.py:
  symbol       name  atomic_number  atomic_mass
0      H   Hydrogen              1       1.0080
1     He     Helium              2       4.0026
2     Li    Lithium              3       6.9400
3     Be  Beryllium              4       9.0122
4      B      Boron              5      10.8100
5      C     Carbon              6      12.0110
6      N   Nitrogen              7      14.0070
7      O     Oxygen              8      15.9990
8      F   Fluorine              9      18.9980
9     Ne       Neon             10      20.1800

[2025-03-17 18:12:51] Moved executed script to src: C:\Users\young\source\repos\JazzPiece\auto-code-bot\ai_work\Chemistry_in_code_collection\src\create_periodic_table_dataframe.py
[2025-03-17 18:12:51] AI Code Bot run complete.
[2025-03-17 18:20:05] AI Code Bot started on project: Chemistry in code collection
[2025-03-17 18:20:05] Generating tasks based on current analysis...
[2025-03-17 18:20:07] Generated 2 meaningful scripts.
[2025-03-17 18:20:07] Stored task: C:\Users\young\source\repos\JazzPiece\auto-code-bot\ai_work\Chemistry_in_code_collection\tasks\improved_compound_formula.py
[2025-03-17 18:20:07] Execution success C:\Users\young\source\repos\JazzPiece\auto-code-bot\ai_work\Chemistry_in_code_collection\tasks\improved_compound_formula.py:
H2 O

