[2025-03-22 13:23:38] AI Code Bot started on project: Graph Theory
[2025-03-22 13:23:38] Generating tasks based on current analysis...
[2025-03-22 13:23:40] Generated 2 meaningful scripts.
[2025-03-22 13:23:40] Stored task: C:\Users\young\source\repos\JazzPiece\auto-code-bot\ai_work\Graph_Theory\tasks\add_edges.py
[2025-03-22 13:23:41] Execution success C:\Users\young\source\repos\JazzPiece\auto-code-bot\ai_work\Graph_Theory\tasks\add_edges.py:
Edges added successfully!

[2025-03-22 13:23:48] AI Code Bot started on project: Graph Theory
[2025-03-22 13:23:48] Generating tasks based on current analysis...
[2025-03-22 13:23:49] Generated 3 meaningful scripts.
[2025-03-22 13:23:49] Stored task: C:\Users\young\source\repos\JazzPiece\auto-code-bot\ai_work\Graph_Theory\tasks\add_edges.py
[2025-03-22 13:23:50] Execution success C:\Users\young\source\repos\JazzPiece\auto-code-bot\ai_work\Graph_Theory\tasks\add_edges.py:
Edges added successfully!

[2025-03-22 13:24:38] AI Code Bot started on project: Graph Theory
[2025-03-22 13:24:38] Generating tasks based on current analysis...
[2025-03-22 13:24:39] Generated 2 meaningful scripts.
[2025-03-22 13:24:39] Stored task: C:\Users\young\source\repos\JazzPiece\auto-code-bot\ai_work\Graph_Theory\tasks\add_edges.py
[2025-03-22 13:24:40] Execution success C:\Users\young\source\repos\JazzPiece\auto-code-bot\ai_work\Graph_Theory\tasks\add_edges.py:
Edges added successfully!

[2025-03-22 13:25:29] AI Code Bot started on project: BFS
[2025-03-22 13:25:29] Generating tasks based on current analysis...
[2025-03-22 13:25:32] Generated 2 meaningful scripts.
[2025-03-22 13:25:32] Stored task: C:\Users\young\source\repos\JazzPiece\auto-code-bot\ai_work\BFS\tasks\bfs.py
[2025-03-22 13:25:32] Execution success C:\Users\young\source\repos\JazzPiece\auto-code-bot\ai_work\BFS\tasks\bfs.py:
A C B F E D 
[2025-03-22 13:25:32] Moved executed script to src: C:\Users\young\source\repos\JazzPiece\auto-code-bot\ai_work\BFS\src\bfs.py
[2025-03-22 13:25:32] Stored task: C:\Users\young\source\repos\JazzPiece\auto-code-bot\ai_work\BFS\tasks\bfs_shortest_path.py
[2025-03-22 13:25:32] Execution success C:\Users\young\source\repos\JazzPiece\auto-code-bot\ai_work\BFS\tasks\bfs_shortest_path.py:
['A', 'C', 'F']
['A', 'B', 'E', 'F']

[2025-03-22 13:25:32] Moved executed script to src: C:\Users\young\source\repos\JazzPiece\auto-code-bot\ai_work\BFS\src\bfs_shortest_path.py
[2025-03-22 13:25:32] AI Code Bot run complete.
[2025-03-22 13:25:40] AI Code Bot started on project: BFS
[2025-03-22 13:25:40] Generating tasks based on current analysis...
[2025-03-22 13:25:43] Generated 2 meaningful scripts.
[2025-03-22 13:25:44] Stored task: C:\Users\young\source\repos\JazzPiece\auto-code-bot\ai_work\BFS\tasks\bfs_traversal.py
[2025-03-22 13:25:44] Execution success C:\Users\young\source\repos\JazzPiece\auto-code-bot\ai_work\BFS\tasks\bfs_traversal.py:
A B C D E F 
[2025-03-22 13:25:44] Moved executed script to src: C:\Users\young\source\repos\JazzPiece\auto-code-bot\ai_work\BFS\src\bfs_traversal.py
[2025-03-22 13:25:44] Stored task: C:\Users\young\source\repos\JazzPiece\auto-code-bot\ai_work\BFS\tasks\bfs_shortest_path.py
[2025-03-22 13:25:44] Execution success C:\Users\young\source\repos\JazzPiece\auto-code-bot\ai_work\BFS\tasks\bfs_shortest_path.py:
['A', 'C', 'F']
['A', 'B', 'E', 'F']

[2025-03-22 13:27:23] AI Code Bot started on project: BFS
[2025-03-22 13:27:23] Generating tasks based on current analysis...
[2025-03-22 13:27:26] Generated 2 meaningful scripts.
[2025-03-22 13:27:26] Stored task: C:\Users\young\source\repos\JazzPiece\auto-code-bot\ai_work\BFS\tasks\bfs_recursive.py
[2025-03-22 13:27:26] Execution success C:\Users\young\source\repos\JazzPiece\auto-code-bot\ai_work\BFS\tasks\bfs_recursive.py:
A B C E D F 
[2025-03-22 13:27:26] Moved executed script to src: C:\Users\young\source\repos\JazzPiece\auto-code-bot\ai_work\BFS\src\bfs_recursive.py
[2025-03-22 13:27:26] Stored task: C:\Users\young\source\repos\JazzPiece\auto-code-bot\ai_work\BFS\tasks\bfs_shortest_path_improved.py
[2025-03-22 13:27:27] Execution success C:\Users\young\source\repos\JazzPiece\auto-code-bot\ai_work\BFS\tasks\bfs_shortest_path_improved.py:
['A', 'C', 'F']
['A', 'B', 'E', 'F']

[2025-03-22 13:27:27] Moved executed script to src: C:\Users\young\source\repos\JazzPiece\auto-code-bot\ai_work\BFS\src\bfs_shortest_path_improved.py
[2025-03-22 13:27:27] AI Code Bot run complete.
[2025-03-22 18:20:03] AI Code Bot started on project: BFS
[2025-03-22 18:20:03] Generating tasks based on current analysis...
[2025-03-22 18:20:07] Generated 2 meaningful scripts.
[2025-03-22 18:20:07] Stored task: C:\Users\young\source\repos\JazzPiece\auto-code-bot\ai_work\BFS\tasks\bfs_shortest_path_improved.py
[2025-03-22 18:20:07] Execution success C:\Users\young\source\repos\JazzPiece\auto-code-bot\ai_work\BFS\tasks\bfs_shortest_path_improved.py:
['A', 'C', 'F']
['A', 'B', 'E', 'F']

