[2025-03-25 11:49:00] AI Code Bot started on project: python array helper methods
[2025-03-25 11:49:00] Generating tasks based on current analysis...
[2025-03-25 11:49:02] Generated 2 meaningful scripts.
[2025-03-25 11:49:02] Stored task: C:\Users\young\source\repos\JazzPiece\auto-code-bot\ai_work\python_array_helper_methods\tasks\find_median.py
[2025-03-25 11:49:02] Execution success C:\Users\young\source\repos\JazzPiece\auto-code-bot\ai_work\python_array_helper_methods\tasks\find_median.py:

[2025-03-25 11:49:02] Moved executed script to src: C:\Users\young\source\repos\JazzPiece\auto-code-bot\ai_work\python_array_helper_methods\src\find_median.py
[2025-03-25 11:49:02] Stored task: C:\Users\young\source\repos\JazzPiece\auto-code-bot\ai_work\python_array_helper_methods\tasks\remove_element.py
[2025-03-25 11:49:02] Execution success C:\Users\young\source\repos\JazzPiece\auto-code-bot\ai_work\python_array_helper_methods\tasks\remove_element.py:

[2025-03-25 11:49:02] Moved executed script to src: C:\Users\young\source\repos\JazzPiece\auto-code-bot\ai_work\python_array_helper_methods\src\remove_element.py
[2025-03-25 11:49:02] AI Code Bot run complete.
[2025-03-25 11:49:12] AI Code Bot started on project: python array helper methods
[2025-03-25 11:49:12] Generating tasks based on current analysis...
[2025-03-25 11:49:14] Generated 2 meaningful scripts.
[2025-03-25 11:49:14] Stored task: C:\Users\young\source\repos\JazzPiece\auto-code-bot\ai_work\python_array_helper_methods\tasks\reverse_array_inplace.py
[2025-03-25 11:49:14] Execution success C:\Users\young\source\repos\JazzPiece\auto-code-bot\ai_work\python_array_helper_methods\tasks\reverse_array_inplace.py:

[2025-03-25 11:49:14] Moved executed script to src: C:\Users\young\source\repos\JazzPiece\auto-code-bot\ai_work\python_array_helper_methods\src\reverse_array_inplace.py
[2025-03-25 11:49:14] Stored task: C:\Users\young\source\repos\JazzPiece\auto-code-bot\ai_work\python_array_helper_methods\tasks\find_duplicates.py
[2025-03-25 11:49:14] Execution success C:\Users\young\source\repos\JazzPiece\auto-code-bot\ai_work\python_array_helper_methods\tasks\find_duplicates.py:

[2025-03-25 11:49:14] Moved executed script to src: C:\Users\young\source\repos\JazzPiece\auto-code-bot\ai_work\python_array_helper_methods\src\find_duplicates.py
[2025-03-25 11:49:14] AI Code Bot run complete.
[2025-03-25 11:49:19] AI Code Bot started on project: python array helper methods
[2025-03-25 11:49:19] Generating tasks based on current analysis...
[2025-03-25 11:49:20] Generated 2 meaningful scripts.
[2025-03-25 11:49:20] Stored task: C:\Users\young\source\repos\JazzPiece\auto-code-bot\ai_work\python_array_helper_methods\tasks\find_frequency.py
[2025-03-25 11:49:20] Execution success C:\Users\young\source\repos\JazzPiece\auto-code-bot\ai_work\python_array_helper_methods\tasks\find_frequency.py:

[2025-03-25 11:49:20] Moved executed script to src: C:\Users\young\source\repos\JazzPiece\auto-code-bot\ai_work\python_array_helper_methods\src\find_frequency.py
[2025-03-25 11:49:20] Stored task: C:\Users\young\source\repos\JazzPiece\auto-code-bot\ai_work\python_array_helper_methods\tasks\find_nth_largest.py
[2025-03-25 11:49:20] Execution success C:\Users\young\source\repos\JazzPiece\auto-code-bot\ai_work\python_array_helper_methods\tasks\find_nth_largest.py:

[2025-03-25 11:49:20] Moved executed script to src: C:\Users\young\source\repos\JazzPiece\auto-code-bot\ai_work\python_array_helper_methods\src\find_nth_largest.py
[2025-03-25 11:49:20] AI Code Bot run complete.
[2025-03-25 11:49:25] AI Code Bot started on project: python array helper methods
[2025-03-25 11:49:25] Generating tasks based on current analysis...
[2025-03-25 11:49:26] Generated 2 meaningful scripts.
[2025-03-25 11:49:26] Stored task: C:\Users\young\source\repos\JazzPiece\auto-code-bot\ai_work\python_array_helper_methods\tasks\even_odd_count.py
[2025-03-25 11:49:26] Execution success C:\Users\young\source\repos\JazzPiece\auto-code-bot\ai_work\python_array_helper_methods\tasks\even_odd_count.py:

[2025-03-25 11:49:26] Moved executed script to src: C:\Users\young\source\repos\JazzPiece\auto-code-bot\ai_work\python_array_helper_methods\src\even_odd_count.py
[2025-03-25 11:49:26] Stored task: C:\Users\young\source\repos\JazzPiece\auto-code-bot\ai_work\python_array_helper_methods\tasks\find_missing_number.py
[2025-03-25 11:49:26] Execution success C:\Users\young\source\repos\JazzPiece\auto-code-bot\ai_work\python_array_helper_methods\tasks\find_missing_number.py:

[2025-03-25 11:49:26] Moved executed script to src: C:\Users\young\source\repos\JazzPiece\auto-code-bot\ai_work\python_array_helper_methods\src\find_missing_number.py
[2025-03-25 11:49:26] AI Code Bot run complete.
[2025-03-25 11:50:03] AI Code Bot started on project: python map helper methods
[2025-03-25 11:50:03] Generating tasks based on current analysis...
[2025-03-25 11:50:05] Generated 2 meaningful scripts.
[2025-03-25 11:50:05] Stored task: C:\Users\young\source\repos\JazzPiece\auto-code-bot\ai_work\python_map_helper_methods\tasks\map_operations.py
[2025-03-25 11:50:05] Execution success C:\Users\young\source\repos\JazzPiece\auto-code-bot\ai_work\python_map_helper_methods\tasks\map_operations.py:

[2025-03-25 11:50:05] Moved executed script to src: C:\Users\young\source\repos\JazzPiece\auto-code-bot\ai_work\python_map_helper_methods\src\map_operations.py
[2025-03-25 11:50:05] Stored task: C:\Users\young\source\repos\JazzPiece\auto-code-bot\ai_work\python_map_helper_methods\tasks\main.py
[2025-03-25 11:50:05] Execution failed for C:\Users\young\source\repos\JazzPiece\auto-code-bot\ai_work\python_map_helper_methods\tasks\main.py: Traceback (most recent call last):
  File "C:\Users\young\source\repos\JazzPiece\auto-code-bot\ai_work\python_map_helper_methods\tasks\main.py", line 1, in <module>
    from map_operations import *
ModuleNotFoundError: No module named 'map_operations'

[2025-03-25 11:50:05] AI Code Bot run complete.
