[2025-03-29 11:45:07] AI Code Bot started on project: python map helper methods
[2025-03-29 11:45:08] Generating tasks based on current analysis...
[2025-03-29 11:45:10] Generated 1 meaningful scripts.
[2025-03-29 11:45:10] Stored task: C:\Users\young\source\repos\JazzPiece\auto-code-bot\ai_work\python_map_helper_methods\tasks\remove_empty_strings.py
[2025-03-29 11:45:10] Syntax error in C:\Users\young\source\repos\JazzPiece\auto-code-bot\ai_work\python_map_helper_methods\tasks\remove_empty_strings.py: invalid syntax (remove_empty_strings.py, line 5)
[2025-03-29 11:45:10] AI Code Bot run complete.
[2025-03-29 11:45:19] AI Code Bot started on project: python map helper methods
[2025-03-29 11:45:19] Generating tasks based on current analysis...
[2025-03-29 11:45:21] Generated 2 meaningful scripts.
[2025-03-29 11:45:21] Stored task: C:\Users\young\source\repos\JazzPiece\auto-code-bot\ai_work\python_map_helper_methods\tasks\unique_numbers.py
[2025-03-29 11:45:21] Execution success C:\Users\young\source\repos\JazzPiece\auto-code-bot\ai_work\python_map_helper_methods\tasks\unique_numbers.py:

[2025-03-29 11:45:21] Moved executed script to src: C:\Users\young\source\repos\JazzPiece\auto-code-bot\ai_work\python_map_helper_methods\src\unique_numbers.py
[2025-03-29 11:45:21] Stored task: C:\Users\young\source\repos\JazzPiece\auto-code-bot\ai_work\python_map_helper_methods\tasks\math_operations.py
[2025-03-29 11:45:21] Execution success C:\Users\young\source\repos\JazzPiece\auto-code-bot\ai_work\python_map_helper_methods\tasks\math_operations.py:

[2025-03-29 11:45:40] AI Code Bot started on project: python SET helper methods
[2025-03-29 11:45:40] Generating tasks based on current analysis...
[2025-03-29 11:45:43] Generated 0 meaningful scripts.
[2025-03-29 11:45:43] AI Code Bot run complete.
[2025-03-29 18:20:04] AI Code Bot started on project: python SET helper methods
[2025-03-29 18:20:04] Generating tasks based on current analysis...
[2025-03-29 18:20:06] Generated 0 meaningful scripts.
[2025-03-29 18:20:06] AI Code Bot run complete.
