[2025-03-13 10:58:20] AI Code Bot started on project: Chemistry in code collection
[2025-03-13 10:58:20] Generating tasks based on current analysis...
[2025-03-13 10:58:24] Generated 2 meaningful scripts.
[2025-03-13 10:58:24] Stored task: C:\Users\young\source\repos\JazzPiece\auto-code-bot\ai_work\Chemistry_in_code_collection\tasks\improved_compound_formula.py
[2025-03-13 10:58:24] Execution success C:\Users\young\source\repos\JazzPiece\auto-code-bot\ai_work\Chemistry_in_code_collection\tasks\improved_compound_formula.py:
H2 O

[2025-03-13 10:58:42] AI Code Bot started on project: Chemistry in code collection
[2025-03-13 10:58:42] Generating tasks based on current analysis...
[2025-03-13 10:58:46] Generated 2 meaningful scripts.
[2025-03-13 10:58:46] Stored task: C:\Users\young\source\repos\JazzPiece\auto-code-bot\ai_work\Chemistry_in_code_collection\tasks\improved_compound_formula.py
[2025-03-13 10:58:46] Execution success C:\Users\young\source\repos\JazzPiece\auto-code-bot\ai_work\Chemistry_in_code_collection\tasks\improved_compound_formula.py:
H O

[2025-03-13 18:10:58] AI Code Bot started on project: Chemistry in code collection
[2025-03-13 18:10:58] Generating tasks based on current analysis...
[2025-03-13 18:11:04] Generated 2 meaningful scripts.
[2025-03-13 18:11:04] Stored task: C:\Users\young\source\repos\JazzPiece\auto-code-bot\ai_work\Chemistry_in_code_collection\tasks\improved_compound_formula.py
[2025-03-13 18:11:04] Execution success C:\Users\young\source\repos\JazzPiece\auto-code-bot\ai_work\Chemistry_in_code_collection\tasks\improved_compound_formula.py:
H2 O

[2025-03-13 18:20:03] AI Code Bot started on project: Chemistry in code collection
[2025-03-13 18:20:03] Generating tasks based on current analysis...
[2025-03-13 18:20:06] Generated 2 meaningful scripts.
[2025-03-13 18:20:06] Stored task: C:\Users\young\source\repos\JazzPiece\auto-code-bot\ai_work\Chemistry_in_code_collection\tasks\get_compound_formula.py
[2025-03-13 18:20:06] Execution success C:\Users\young\source\repos\JazzPiece\auto-code-bot\ai_work\Chemistry_in_code_collection\tasks\get_compound_formula.py:
H2 O

