[2025-03-21 18:20:03] AI Code Bot started on project: Graph Theory
[2025-03-21 18:20:03] Generating tasks based on current analysis...
[2025-03-21 18:20:10] Generated 2 meaningful scripts.
[2025-03-21 18:20:10] Stored task: C:\Users\young\source\repos\JazzPiece\auto-code-bot\ai_work\Graph_Theory\tasks\add_node.py
[2025-03-21 18:20:10] Execution failed for C:\Users\young\source\repos\JazzPiece\auto-code-bot\ai_work\Graph_Theory\tasks\add_node.py: Traceback (most recent call last):
  File "C:\Users\young\source\repos\JazzPiece\auto-code-bot\ai_work\Graph_Theory\tasks\add_node.py", line 1, in <module>
    import networkx as nx
ModuleNotFoundError: No module named 'networkx'

[2025-03-21 18:20:10] Stored task: C:\Users\young\source\repos\JazzPiece\auto-code-bot\ai_work\Graph_Theory\tasks\add_edge.py
[2025-03-21 18:20:10] Execution failed for C:\Users\young\source\repos\JazzPiece\auto-code-bot\ai_work\Graph_Theory\tasks\add_edge.py: Traceback (most recent call last):
  File "C:\Users\young\source\repos\JazzPiece\auto-code-bot\ai_work\Graph_Theory\tasks\add_edge.py", line 1, in <module>
    import networkx as nx
ModuleNotFoundError: No module named 'networkx'

[2025-03-21 18:20:10] AI Code Bot run complete.
[2025-03-21 22:18:18] AI Code Bot started on project: Graph Theory
[2025-03-21 22:18:18] Generating tasks based on current analysis...
[2025-03-21 22:18:20] Generated 2 meaningful scripts.
[2025-03-21 22:18:20] Stored task: C:\Users\young\source\repos\JazzPiece\auto-code-bot\ai_work\Graph_Theory\tasks\add_nodes.py
[2025-03-21 22:18:21] Execution success C:\Users\young\source\repos\JazzPiece\auto-code-bot\ai_work\Graph_Theory\tasks\add_nodes.py:
Nodes added successfully!

[2025-03-21 22:18:21] Moved executed script to src: C:\Users\young\source\repos\JazzPiece\auto-code-bot\ai_work\Graph_Theory\src\add_nodes.py
[2025-03-21 22:18:21] Stored task: C:\Users\young\source\repos\JazzPiece\auto-code-bot\ai_work\Graph_Theory\tasks\add_edges.py
[2025-03-21 22:18:21] Execution success C:\Users\young\source\repos\JazzPiece\auto-code-bot\ai_work\Graph_Theory\tasks\add_edges.py:
Edges added successfully!

[2025-03-21 22:18:21] Moved executed script to src: C:\Users\young\source\repos\JazzPiece\auto-code-bot\ai_work\Graph_Theory\src\add_edges.py
[2025-03-21 22:18:21] AI Code Bot run complete.
[2025-03-21 22:18:29] AI Code Bot started on project: Graph Theory
[2025-03-21 22:18:29] Generating tasks based on current analysis...
[2025-03-21 22:18:30] Generated 2 meaningful scripts.
[2025-03-21 22:18:30] Stored task: C:\Users\young\source\repos\JazzPiece\auto-code-bot\ai_work\Graph_Theory\tasks\add_edges.py
[2025-03-21 22:18:31] Execution success C:\Users\young\source\repos\JazzPiece\auto-code-bot\ai_work\Graph_Theory\tasks\add_edges.py:
Edges added successfully!

[2025-03-21 22:18:40] AI Code Bot started on project: Graph Theory
[2025-03-21 22:18:40] Generating tasks based on current analysis...
[2025-03-21 22:18:41] Generated 2 meaningful scripts.
[2025-03-21 22:18:41] Stored task: C:\Users\young\source\repos\JazzPiece\auto-code-bot\ai_work\Graph_Theory\tasks\add_edges.py
[2025-03-21 22:18:41] Execution success C:\Users\young\source\repos\JazzPiece\auto-code-bot\ai_work\Graph_Theory\tasks\add_edges.py:
Edges added successfully!

