[2025-03-09 15:05:26] AI Code Bot started on project: Powerful algorithms library
[2025-03-09 15:05:26] Generating tasks based on current analysis...
[2025-03-09 15:05:28] Generated 1 meaningful scripts.
[2025-03-09 15:05:28] Stored task: C:\Users\young\source\repos\JazzPiece\auto-code-bot\ai_work\Powerful_algorithms_library\tasks\add_numbers.py
[2025-03-09 15:05:28] Syntax error in C:\Users\young\source\repos\JazzPiece\auto-code-bot\ai_work\Powerful_algorithms_library\tasks\add_numbers.py: invalid syntax (add_numbers.py, line 1)
[2025-03-09 15:05:28] AI Code Bot run complete.
[2025-03-09 15:06:32] AI Code Bot started on project: Powerful algorithms library
[2025-03-09 15:06:32] Generating tasks based on current analysis...
[2025-03-09 15:06:34] Generated 0 meaningful scripts.
[2025-03-09 15:06:34] AI Code Bot run complete.
[2025-03-09 15:07:32] AI Code Bot started on project: Powerful algorithms library
[2025-03-09 15:07:32] Generating tasks based on current analysis...
[2025-03-09 15:07:34] Generated 3 meaningful scripts.
[2025-03-09 15:07:35] Generated 0 meaningful scripts.
[2025-03-09 15:07:35] AI Code Bot run complete.
[2025-03-09 15:08:23] AI Code Bot started on project: Powerful algorithms library
[2025-03-09 15:08:23] Generating tasks based on current analysis...
[2025-03-09 15:08:25] Generated 3 meaningful scripts.
[2025-03-09 15:08:25] Stored task: C:\Users\young\source\repos\JazzPiece\auto-code-bot\ai_work\Powerful_algorithms_library\tasks\subtract_numbers.py
[2025-03-09 15:08:25] Execution success C:\Users\young\source\repos\JazzPiece\auto-code-bot\ai_work\Powerful_algorithms_library\tasks\subtract_numbers.py:
7

[2025-03-09 15:08:25] Moved executed script to src: C:\Users\young\source\repos\JazzPiece\auto-code-bot\ai_work\Powerful_algorithms_library\src\subtract_numbers.py
[2025-03-09 15:08:25] Stored task: C:\Users\young\source\repos\JazzPiece\auto-code-bot\ai_work\Powerful_algorithms_library\tasks\divide_numbers.py
[2025-03-09 15:08:25] Execution success C:\Users\young\source\repos\JazzPiece\auto-code-bot\ai_work\Powerful_algorithms_library\tasks\divide_numbers.py:
5.0

[2025-03-09 15:08:25] Moved executed script to src: C:\Users\young\source\repos\JazzPiece\auto-code-bot\ai_work\Powerful_algorithms_library\src\divide_numbers.py
[2025-03-09 15:08:25] Stored task: C:\Users\young\source\repos\JazzPiece\auto-code-bot\ai_work\Powerful_algorithms_library\tasks\power_numbers.py
[2025-03-09 15:08:25] Execution success C:\Users\young\source\repos\JazzPiece\auto-code-bot\ai_work\Powerful_algorithms_library\tasks\power_numbers.py:
8

[2025-03-09 15:08:25] Moved executed script to src: C:\Users\young\source\repos\JazzPiece\auto-code-bot\ai_work\Powerful_algorithms_library\src\power_numbers.py
[2025-03-09 15:08:25] AI Code Bot run complete.
[2025-03-09 15:08:58] AI Code Bot started on project: Powerful algorithms library
[2025-03-09 15:08:58] Generating tasks based on current analysis...
[2025-03-09 15:08:59] Generated 3 meaningful scripts.
[2025-03-09 15:08:59] Stored task: C:\Users\young\source\repos\JazzPiece\auto-code-bot\ai_work\Powerful_algorithms_library\tasks\multiply_numbers.py
[2025-03-09 15:08:59] Execution success C:\Users\young\source\repos\JazzPiece\auto-code-bot\ai_work\Powerful_algorithms_library\tasks\multiply_numbers.py:
20

[2025-03-09 15:08:59] Moved executed script to src: C:\Users\young\source\repos\JazzPiece\auto-code-bot\ai_work\Powerful_algorithms_library\src\multiply_numbers.py
[2025-03-09 15:08:59] Stored task: C:\Users\young\source\repos\JazzPiece\auto-code-bot\ai_work\Powerful_algorithms_library\tasks\calculate_average.py
[2025-03-09 15:08:59] Execution success C:\Users\young\source\repos\JazzPiece\auto-code-bot\ai_work\Powerful_algorithms_library\tasks\calculate_average.py:
3.0

[2025-03-09 15:08:59] Moved executed script to src: C:\Users\young\source\repos\JazzPiece\auto-code-bot\ai_work\Powerful_algorithms_library\src\calculate_average.py
[2025-03-09 15:08:59] Stored task: C:\Users\young\source\repos\JazzPiece\auto-code-bot\ai_work\Powerful_algorithms_library\tasks\find_max_number.py
[2025-03-09 15:08:59] Execution success C:\Users\young\source\repos\JazzPiece\auto-code-bot\ai_work\Powerful_algorithms_library\tasks\find_max_number.py:
12

[2025-03-09 15:08:59] Moved executed script to src: C:\Users\young\source\repos\JazzPiece\auto-code-bot\ai_work\Powerful_algorithms_library\src\find_max_number.py
[2025-03-09 15:08:59] AI Code Bot run complete.
[2025-03-09 22:26:49] AI Code Bot started on project: Powerful algorithms library
[2025-03-09 22:26:49] Generating tasks based on current analysis...
[2025-03-09 22:26:53] Generated 3 meaningful scripts.
[2025-03-09 22:26:53] Stored task: C:\Users\young\source\repos\JazzPiece\auto-code-bot\ai_work\Powerful_algorithms_library\tasks\statistics_operations.py
[2025-03-09 22:26:53] Execution success C:\Users\young\source\repos\JazzPiece\auto-code-bot\ai_work\Powerful_algorithms_library\tasks\statistics_operations.py:
3

[2025-03-09 22:26:53] Moved executed script to src: C:\Users\young\source\repos\JazzPiece\auto-code-bot\ai_work\Powerful_algorithms_library\src\statistics_operations.py
[2025-03-09 22:26:53] Stored task: C:\Users\young\source\repos\JazzPiece\auto-code-bot\ai_work\Powerful_algorithms_library\tasks\math_operations.py
[2025-03-09 22:26:53] Execution success C:\Users\young\source\repos\JazzPiece\auto-code-bot\ai_work\Powerful_algorithms_library\tasks\math_operations.py:
5.0
12
20

[2025-03-09 22:26:53] Moved executed script to src: C:\Users\young\source\repos\JazzPiece\auto-code-bot\ai_work\Powerful_algorithms_library\src\math_operations.py
[2025-03-09 22:26:53] Stored task: C:\Users\young\source\repos\JazzPiece\auto-code-bot\ai_work\Powerful_algorithms_library\tasks\advanced_operations.py
[2025-03-09 22:26:53] Execution success C:\Users\young\source\repos\JazzPiece\auto-code-bot\ai_work\Powerful_algorithms_library\tasks\advanced_operations.py:
8
7

[2025-03-09 22:26:53] Moved executed script to src: C:\Users\young\source\repos\JazzPiece\auto-code-bot\ai_work\Powerful_algorithms_library\src\advanced_operations.py
[2025-03-09 22:26:53] AI Code Bot run complete.
[2025-03-09 23:54:19] AI Code Bot started on project: Powerful algorithms library
[2025-03-09 23:54:19] Generating tasks based on current analysis...
[2025-03-09 23:54:21] Generated 3 meaningful scripts.
[2025-03-09 23:54:21] Stored task: C:\Users\young\source\repos\JazzPiece\auto-code-bot\ai_work\Powerful_algorithms_library\tasks\exponential_function.py
[2025-03-09 23:54:21] Execution success C:\Users\young\source\repos\JazzPiece\auto-code-bot\ai_work\Powerful_algorithms_library\tasks\exponential_function.py:
9

[2025-03-09 23:54:21] Moved executed script to src: C:\Users\young\source\repos\JazzPiece\auto-code-bot\ai_work\Powerful_algorithms_library\src\exponential_function.py
[2025-03-09 23:54:21] Stored task: C:\Users\young\source\repos\JazzPiece\auto-code-bot\ai_work\Powerful_algorithms_library\tasks\find_min_number.py
[2025-03-09 23:54:21] Execution success C:\Users\young\source\repos\JazzPiece\auto-code-bot\ai_work\Powerful_algorithms_library\tasks\find_min_number.py:
3

[2025-03-09 23:54:21] Moved executed script to src: C:\Users\young\source\repos\JazzPiece\auto-code-bot\ai_work\Powerful_algorithms_library\src\find_min_number.py
[2025-03-09 23:54:21] Stored task: C:\Users\young\source\repos\JazzPiece\auto-code-bot\ai_work\Powerful_algorithms_library\tasks\calculate_standard_deviation.py
[2025-03-09 23:54:21] Execution success C:\Users\young\source\repos\JazzPiece\auto-code-bot\ai_work\Powerful_algorithms_library\tasks\calculate_standard_deviation.py:
1.5811388300841898

[2025-03-09 23:54:21] Moved executed script to src: C:\Users\young\source\repos\JazzPiece\auto-code-bot\ai_work\Powerful_algorithms_library\src\calculate_standard_deviation.py
[2025-03-09 23:54:21] AI Code Bot run complete.
[2025-03-09 23:57:27] AI Code Bot started on project: historical mathrmatic equations
[2025-03-09 23:57:27] Generating tasks based on current analysis...
[2025-03-09 23:57:30] Generated 3 meaningful scripts.
[2025-03-09 23:57:30] Stored task: C:\Users\young\source\repos\JazzPiece\auto-code-bot\ai_work\historical_mathrmatic_equations\tasks\quadratic_formula.py
[2025-03-09 23:57:30] Execution success C:\Users\young\source\repos\JazzPiece\auto-code-bot\ai_work\historical_mathrmatic_equations\tasks\quadratic_formula.py:
(2.0, 1.0)

[2025-03-09 23:57:30] Moved executed script to src: C:\Users\young\source\repos\JazzPiece\auto-code-bot\ai_work\historical_mathrmatic_equations\src\quadratic_formula.py
[2025-03-09 23:57:30] Stored task: C:\Users\young\source\repos\JazzPiece\auto-code-bot\ai_work\historical_mathrmatic_equations\tasks\pythagorean_theorem.py
[2025-03-09 23:57:30] Execution success C:\Users\young\source\repos\JazzPiece\auto-code-bot\ai_work\historical_mathrmatic_equations\tasks\pythagorean_theorem.py:
5.0

[2025-03-09 23:57:30] Moved executed script to src: C:\Users\young\source\repos\JazzPiece\auto-code-bot\ai_work\historical_mathrmatic_equations\src\pythagorean_theorem.py
[2025-03-09 23:57:30] Stored task: C:\Users\young\source\repos\JazzPiece\auto-code-bot\ai_work\historical_mathrmatic_equations\tasks\factorial.py
[2025-03-09 23:57:30] Execution success C:\Users\young\source\repos\JazzPiece\auto-code-bot\ai_work\historical_mathrmatic_equations\tasks\factorial.py:
120

[2025-03-09 23:57:30] Moved executed script to src: C:\Users\young\source\repos\JazzPiece\auto-code-bot\ai_work\historical_mathrmatic_equations\src\factorial.py
[2025-03-09 23:57:30] AI Code Bot run complete.
[2025-03-09 23:57:46] AI Code Bot started on project: historical mathrmatic equations
[2025-03-09 23:57:46] Generating tasks based on current analysis...
[2025-03-09 23:57:48] Generated 0 meaningful scripts.
[2025-03-09 23:57:48] AI Code Bot run complete.
[2025-03-09 23:57:52] AI Code Bot started on project: historical mathrmatic equations
[2025-03-09 23:57:52] Generating tasks based on current analysis...
[2025-03-09 23:57:55] Generated 0 meaningful scripts.
[2025-03-09 23:57:55] AI Code Bot run complete.
[2025-03-09 23:58:49] AI Code Bot started on project: historical mathrmatic equations
[2025-03-09 23:58:49] Generating tasks based on current analysis...
[2025-03-09 23:58:51] Generated 3 meaningful scripts.
[2025-03-09 23:58:51] Stored task: C:\Users\young\source\repos\JazzPiece\auto-code-bot\ai_work\historical_mathrmatic_equations\tasks\fibonacci_sequence.py
[2025-03-09 23:58:51] Execution success C:\Users\young\source\repos\JazzPiece\auto-code-bot\ai_work\historical_mathrmatic_equations\tasks\fibonacci_sequence.py:
5

[2025-03-09 23:58:51] Moved executed script to src: C:\Users\young\source\repos\JazzPiece\auto-code-bot\ai_work\historical_mathrmatic_equations\src\fibonacci_sequence.py
[2025-03-09 23:58:51] Stored task: C:\Users\young\source\repos\JazzPiece\auto-code-bot\ai_work\historical_mathrmatic_equations\tasks\area_of_circle.py
[2025-03-09 23:58:52] Execution success C:\Users\young\source\repos\JazzPiece\auto-code-bot\ai_work\historical_mathrmatic_equations\tasks\area_of_circle.py:
78.53981633974483

[2025-03-09 23:58:52] Moved executed script to src: C:\Users\young\source\repos\JazzPiece\auto-code-bot\ai_work\historical_mathrmatic_equations\src\area_of_circle.py
[2025-03-09 23:58:52] Stored task: C:\Users\young\source\repos\JazzPiece\auto-code-bot\ai_work\historical_mathrmatic_equations\tasks\distance_formula.py
[2025-03-09 23:58:52] Execution success C:\Users\young\source\repos\JazzPiece\auto-code-bot\ai_work\historical_mathrmatic_equations\tasks\distance_formula.py:
5.0

[2025-03-09 23:58:52] Moved executed script to src: C:\Users\young\source\repos\JazzPiece\auto-code-bot\ai_work\historical_mathrmatic_equations\src\distance_formula.py
[2025-03-09 23:58:52] AI Code Bot run complete.
[2025-03-09 23:58:57] AI Code Bot started on project: historical mathrmatic equations
[2025-03-09 23:58:57] Generating tasks based on current analysis...
[2025-03-09 23:58:59] Generated 0 meaningful scripts.
[2025-03-09 23:58:59] AI Code Bot run complete.
[2025-03-09 23:59:02] AI Code Bot started on project: historical mathrmatic equations
[2025-03-09 23:59:02] Generating tasks based on current analysis...
[2025-03-09 23:59:04] Generated 3 meaningful scripts.
[2025-03-09 23:59:04] Stored task: C:\Users\young\source\repos\JazzPiece\auto-code-bot\ai_work\historical_mathrmatic_equations\tasks\circle_area.py
[2025-03-09 23:59:04] Execution success C:\Users\young\source\repos\JazzPiece\auto-code-bot\ai_work\historical_mathrmatic_equations\tasks\circle_area.py:
78.53981633974483

[2025-03-09 23:59:04] Moved executed script to src: C:\Users\young\source\repos\JazzPiece\auto-code-bot\ai_work\historical_mathrmatic_equations\src\circle_area.py
[2025-03-09 23:59:04] Stored task: C:\Users\young\source\repos\JazzPiece\auto-code-bot\ai_work\historical_mathrmatic_equations\tasks\factorial_iterative.py
[2025-03-09 23:59:04] Execution success C:\Users\young\source\repos\JazzPiece\auto-code-bot\ai_work\historical_mathrmatic_equations\tasks\factorial_iterative.py:
120

[2025-03-09 23:59:04] Moved executed script to src: C:\Users\young\source\repos\JazzPiece\auto-code-bot\ai_work\historical_mathrmatic_equations\src\factorial_iterative.py
[2025-03-09 23:59:04] Stored task: C:\Users\young\source\repos\JazzPiece\auto-code-bot\ai_work\historical_mathrmatic_equations\tasks\fibonacci_iterative.py
[2025-03-09 23:59:04] Execution success C:\Users\young\source\repos\JazzPiece\auto-code-bot\ai_work\historical_mathrmatic_equations\tasks\fibonacci_iterative.py:
5

[2025-03-09 23:59:04] Moved executed script to src: C:\Users\young\source\repos\JazzPiece\auto-code-bot\ai_work\historical_mathrmatic_equations\src\fibonacci_iterative.py
[2025-03-09 23:59:04] AI Code Bot run complete.
[2025-03-09 23:59:09] AI Code Bot started on project: historical mathrmatic equations
[2025-03-09 23:59:09] Generating tasks based on current analysis...
[2025-03-09 23:59:11] Generated 3 meaningful scripts.
[2025-03-09 23:59:11] Stored task: C:\Users\young\source\repos\JazzPiece\auto-code-bot\ai_work\historical_mathrmatic_equations\tasks\area_of_triangle.py
[2025-03-09 23:59:11] Execution success C:\Users\young\source\repos\JazzPiece\auto-code-bot\ai_work\historical_mathrmatic_equations\tasks\area_of_triangle.py:
12.0

[2025-03-09 23:59:11] Moved executed script to src: C:\Users\young\source\repos\JazzPiece\auto-code-bot\ai_work\historical_mathrmatic_equations\src\area_of_triangle.py
[2025-03-09 23:59:11] Stored task: C:\Users\young\source\repos\JazzPiece\auto-code-bot\ai_work\historical_mathrmatic_equations\tasks\volume_of_sphere.py
[2025-03-09 23:59:11] Execution success C:\Users\young\source\repos\JazzPiece\auto-code-bot\ai_work\historical_mathrmatic_equations\tasks\volume_of_sphere.py:
113.09733552923254

[2025-03-09 23:59:11] Moved executed script to src: C:\Users\young\source\repos\JazzPiece\auto-code-bot\ai_work\historical_mathrmatic_equations\src\volume_of_sphere.py
[2025-03-09 23:59:11] Stored task: C:\Users\young\source\repos\JazzPiece\auto-code-bot\ai_work\historical_mathrmatic_equations\tasks\surface_area_of_cylinder.py
[2025-03-09 23:59:11] Execution success C:\Users\young\source\repos\JazzPiece\auto-code-bot\ai_work\historical_mathrmatic_equations\tasks\surface_area_of_cylinder.py:
87.96459430051421

[2025-03-09 23:59:11] Moved executed script to src: C:\Users\young\source\repos\JazzPiece\auto-code-bot\ai_work\historical_mathrmatic_equations\src\surface_area_of_cylinder.py
[2025-03-09 23:59:11] AI Code Bot run complete.
[2025-03-09 23:59:17] AI Code Bot started on project: historical mathrmatic equations
[2025-03-09 23:59:17] Generating tasks based on current analysis...
[2025-03-09 23:59:20] Generated 3 meaningful scripts.
[2025-03-09 23:59:20] Stored task: C:\Users\young\source\repos\JazzPiece\auto-code-bot\ai_work\historical_mathrmatic_equations\tasks\newton_raphson_method.py
[2025-03-09 23:59:20] Execution success C:\Users\young\source\repos\JazzPiece\auto-code-bot\ai_work\historical_mathrmatic_equations\tasks\newton_raphson_method.py:
2.000000000026214

[2025-03-09 23:59:20] Moved executed script to src: C:\Users\young\source\repos\JazzPiece\auto-code-bot\ai_work\historical_mathrmatic_equations\src\newton_raphson_method.py
[2025-03-09 23:59:20] Stored task: C:\Users\young\source\repos\JazzPiece\auto-code-bot\ai_work\historical_mathrmatic_equations\tasks\volume_of_cone.py
[2025-03-09 23:59:20] Execution success C:\Users\young\source\repos\JazzPiece\auto-code-bot\ai_work\historical_mathrmatic_equations\tasks\volume_of_cone.py:
37.69911184307752

[2025-03-09 23:59:20] Moved executed script to src: C:\Users\young\source\repos\JazzPiece\auto-code-bot\ai_work\historical_mathrmatic_equations\src\volume_of_cone.py
[2025-03-09 23:59:20] Stored task: C:\Users\young\source\repos\JazzPiece\auto-code-bot\ai_work\historical_mathrmatic_equations\tasks\area_of_rectangle.py
[2025-03-09 23:59:20] Execution success C:\Users\young\source\repos\JazzPiece\auto-code-bot\ai_work\historical_mathrmatic_equations\tasks\area_of_rectangle.py:
20

[2025-03-09 23:59:20] Moved executed script to src: C:\Users\young\source\repos\JazzPiece\auto-code-bot\ai_work\historical_mathrmatic_equations\src\area_of_rectangle.py
[2025-03-09 23:59:20] AI Code Bot run complete.
[2025-03-09 23:59:24] AI Code Bot started on project: historical mathrmatic equations
[2025-03-09 23:59:24] Generating tasks based on current analysis...
[2025-03-09 23:59:29] Generated 3 meaningful scripts.
[2025-03-09 23:59:29] Stored task: C:\Users\young\source\repos\JazzPiece\auto-code-bot\ai_work\historical_mathrmatic_equations\tasks\trigonometry.py
[2025-03-09 23:59:29] Execution success C:\Users\young\source\repos\JazzPiece\auto-code-bot\ai_work\historical_mathrmatic_equations\tasks\trigonometry.py:
12.0
5.0
5.0

[2025-03-09 23:59:29] Moved executed script to src: C:\Users\young\source\repos\JazzPiece\auto-code-bot\ai_work\historical_mathrmatic_equations\src\trigonometry.py
[2025-03-09 23:59:29] Stored task: C:\Users\young\source\repos\JazzPiece\auto-code-bot\ai_work\historical_mathrmatic_equations\tasks\calculus.py
[2025-03-09 23:59:29] Execution success C:\Users\young\source\repos\JazzPiece\auto-code-bot\ai_work\historical_mathrmatic_equations\tasks\calculus.py:
2.000000000026214
87.96459430051421
37.69911184307752

[2025-03-09 23:59:29] Moved executed script to src: C:\Users\young\source\repos\JazzPiece\auto-code-bot\ai_work\historical_mathrmatic_equations\src\calculus.py
[2025-03-09 23:59:29] Stored task: C:\Users\young\source\repos\JazzPiece\auto-code-bot\ai_work\historical_mathrmatic_equations\tasks\algebra.py
[2025-03-09 23:59:29] Execution success C:\Users\young\source\repos\JazzPiece\auto-code-bot\ai_work\historical_mathrmatic_equations\tasks\algebra.py:
120
5
(2.0, 1.0)

[2025-03-09 23:59:29] Moved executed script to src: C:\Users\young\source\repos\JazzPiece\auto-code-bot\ai_work\historical_mathrmatic_equations\src\algebra.py
[2025-03-09 23:59:29] AI Code Bot run complete.
